<?xml version="1.0" encoding="UTF-8"?>
<!-- Generated by org.testng.reporters.JUnitReportReporter -->
<testsuite skipped="0" hostname="MECHANICAL" name="com.app.androidapp.scripts.TC_002_TestScript2" tests="1" failures="0" timestamp="14 Sep 2020 04:40:42 GMT" time="4.812" errors="1">
  <testcase name="tc_002_testTwo" time="4.812" classname="com.app.androidapp.scripts.TC_002_TestScript2">
    <error type="org.openqa.selenium.NoSuchElementException" message="Can&#039;t locate an element by this strategy: Locator map: 
- native content: &quot;By.AccessibilityId: Views&quot; 
- html content: &quot;by id or name &quot;viewsbtn&quot;&quot;
For documentation on this error, please visit: http://seleniumhq.org/exceptions/no_such_element.html
Build info: version: &#039;2.53.1&#039;, revision: &#039;a36b8b1cd5757287168e54b817830adce9b0158d&#039;, time: &#039;2016-06-30 19:26:09&#039;
System info: host: &#039;MECHANICAL&#039;, ip: &#039;192.168.72.1&#039;, os.name: &#039;Windows 8.1&#039;, os.arch: &#039;amd64&#039;, os.version: &#039;6.3&#039;, java.version: &#039;1.8.0_162&#039;
Driver info: driver.version: unknown">
      <![CDATA[org.openqa.selenium.NoSuchElementException: Can't locate an element by this strategy: Locator map: 
- native content: "By.AccessibilityId: Views" 
- html content: "by id or name "viewsbtn""
For documentation on this error, please visit: http://seleniumhq.org/exceptions/no_such_element.html
Build info: version: '2.53.1', revision: 'a36b8b1cd5757287168e54b817830adce9b0158d', time: '2016-06-30 19:26:09'
System info: host: 'MECHANICAL', ip: '192.168.72.1', os.name: 'Windows 8.1', os.arch: 'amd64', os.version: '6.3', java.version: '1.8.0_162'
Driver info: driver.version: unknown
at io.appium.java_client.pagefactory.AppiumElementLocator.findElement(AppiumElementLocator.java:110)
at io.appium.java_client.pagefactory.interceptors.InterceptorOfASingleElement.intercept(InterceptorOfASingleElement.java:57)
at io.appium.java_client.android.AndroidElement$$EnhancerByCGLIB$$c0b591f0.getId(<generated>)
at io.appium.java_client.TouchAction$ActionParameter.<init>(TouchAction.java:361)
at io.appium.java_client.TouchAction.press(TouchAction.java:53)
at com.app.androidapp.util.MobileActionUtil.tapOnElement(MobileActionUtil.java:54)
at com.app.androidapp.pages.LandingPage.tapOnViewsMenu(LandingPage.java:31)
at com.app.androidapp.scripts.TC_002_TestScript2.tc_002_testTwo(TC_002_TestScript2.java:17)
at sun.reflect.NativeMethodAccessorImpl.invoke0(Native Method)
at sun.reflect.NativeMethodAccessorImpl.invoke(NativeMethodAccessorImpl.java:62)
at sun.reflect.DelegatingMethodAccessorImpl.invoke(DelegatingMethodAccessorImpl.java:43)
at java.lang.reflect.Method.invoke(Method.java:498)
at org.testng.internal.MethodInvocationHelper.invokeMethod(MethodInvocationHelper.java:124)
at org.testng.internal.Invoker.invokeMethod(Invoker.java:583)
at org.testng.internal.Invoker.invokeTestMethod(Invoker.java:719)
at org.testng.internal.Invoker.invokeTestMethods(Invoker.java:989)
at org.testng.internal.TestMethodWorker.invokeTestMethods(TestMethodWorker.java:125)
at org.testng.internal.TestMethodWorker.run(TestMethodWorker.java:109)
at org.testng.TestRunner.privateRun(TestRunner.java:648)
at org.testng.TestRunner.run(TestRunner.java:505)
at org.testng.SuiteRunner.runTest(SuiteRunner.java:455)
at org.testng.SuiteRunner.runSequentially(SuiteRunner.java:450)
at org.testng.SuiteRunner.privateRun(SuiteRunner.java:415)
at org.testng.SuiteRunner.run(SuiteRunner.java:364)
at org.testng.SuiteRunnerWorker.runSuite(SuiteRunnerWorker.java:52)
at org.testng.SuiteRunnerWorker.run(SuiteRunnerWorker.java:84)
at org.testng.TestNG.runSuitesSequentially(TestNG.java:1208)
at org.testng.TestNG.runSuitesLocally(TestNG.java:1137)
at org.testng.TestNG.runSuites(TestNG.java:1049)
at org.testng.TestNG.run(TestNG.java:1017)
at org.testng.remote.AbstractRemoteTestNG.run(AbstractRemoteTestNG.java:114)
at org.testng.remote.RemoteTestNG.initAndRun(RemoteTestNG.java:251)
at org.testng.remote.RemoteTestNG.main(RemoteTestNG.java:77)
]]>
    </error>
  </testcase> <!-- tc_002_testTwo -->
</testsuite> <!-- com.app.androidapp.scripts.TC_002_TestScript2 -->
